gyp info it worked if it ends with ok
gyp info using node-gyp@9.0.0
gyp info using node@17.8.0 | darwin | arm64
gyp info find Python using Python version 3.9.10 found at "/opt/homebrew/opt/python@3.9/bin/python3.9"
gyp info spawn /opt/homebrew/opt/python@3.9/bin/python3.9
gyp info spawn args [
gyp info spawn args   '/opt/homebrew/lib/node_modules/npm/node_modules/node-gyp/gyp/gyp_main.py',
gyp info spawn args   'binding.gyp',
gyp info spawn args   '-f',
gyp info spawn args   'make',
gyp info spawn args   '-I',
gyp info spawn args   '/Users/bmbed/workspace/TDS/PMS_Back_end/server/node_modules/ws/build/config.gypi',
gyp info spawn args   '-I',
gyp info spawn args   '/opt/homebrew/lib/node_modules/npm/node_modules/node-gyp/addon.gypi',
gyp info spawn args   '-I',
gyp info spawn args   '/Users/bmbed/Library/Caches/node-gyp/17.8.0/include/node/common.gypi',
gyp info spawn args   '-Dlibrary=shared_library',
gyp info spawn args   '-Dvisibility=default',
gyp info spawn args   '-Dnode_root_dir=/Users/bmbed/Library/Caches/node-gyp/17.8.0',
gyp info spawn args   '-Dnode_gyp_dir=/opt/homebrew/lib/node_modules/npm/node_modules/node-gyp',
gyp info spawn args   '-Dnode_lib_file=/Users/bmbed/Library/Caches/node-gyp/17.8.0/<(target_arch)/node.lib',
gyp info spawn args   '-Dmodule_root_dir=/Users/bmbed/workspace/TDS/PMS_Back_end/server/node_modules/ws',
gyp info spawn args   '-Dnode_engine=v8',
gyp info spawn args   '--depth=.',
gyp info spawn args   '--no-parallel',
gyp info spawn args   '--generator-output',
gyp info spawn args   'build',
gyp info spawn args   '-Goutput_dir=.'
gyp info spawn args ]
gyp info spawn make
gyp info spawn args [ 'BUILDTYPE=Release', '-C', 'build' ]
In file included from ../src/bufferutil.cc:16:
In file included from ../node_modules/nan/nan.h:74:
../node_modules/nan/nan_new.h:23:43: error: no member named 'Handle' in namespace 'v8'
template <typename T> v8::Local<T> To(v8::Handle<v8::Integer> i);
                                      ~~~~^
../node_modules/nan/nan_new.h:23:61: error: expected '(' for function-style cast or type construction
template <typename T> v8::Local<T> To(v8::Handle<v8::Integer> i);
                                                 ~~~~~~~~~~~^
../node_modules/nan/nan_new.h:23:63: error: use of undeclared identifier 'i'
template <typename T> v8::Local<T> To(v8::Handle<v8::Integer> i);
                                                              ^
../node_modules/nan/nan_new.h:28:21: error: no template named 'Handle' in namespace 'v8'
To<v8::Integer>(v8::Handle<v8::Integer> i) { return i->ToInteger(); }
                ~~~~^
../node_modules/nan/nan_new.h:33:19: error: no template named 'Handle' in namespace 'v8'
To<v8::Int32>(v8::Handle<v8::Integer> i)   { return i->ToInt32(); }
              ~~~~^
../node_modules/nan/nan_new.h:38:20: error: no template named 'Handle' in namespace 'v8'
To<v8::Uint32>(v8::Handle<v8::Integer> i)  { return i->ToUint32(); }
               ~~~~^
../node_modules/nan/nan_new.h:75:12: error: no template named 'Handle' in namespace 'v8'
     , v8::Handle<v8::Value> data = v8::Handle<v8::Value>());
       ~~~~^
../node_modules/nan/nan_new.h:75:41: error: no member named 'Handle' in namespace 'v8'
     , v8::Handle<v8::Value> data = v8::Handle<v8::Value>());
                                    ~~~~^
../node_modules/nan/nan_new.h:75:57: error: expected '(' for function-style cast or type construction
     , v8::Handle<v8::Value> data = v8::Handle<v8::Value>());
                                               ~~~~~~~~~^
../node_modules/nan/nan_new.h:75:59: error: expected expression
     , v8::Handle<v8::Value> data = v8::Handle<v8::Value>());
                                                          ^
../node_modules/nan/nan_new.h:83:12: error: no template named 'Handle' in namespace 'v8'
     , v8::Handle<v8::Value> data = v8::Handle<v8::Value>()
       ~~~~^
../node_modules/nan/nan_new.h:84:12: error: no template named 'Handle' in namespace 'v8'
     , v8::Handle<v8::Signature> signature = v8::Handle<v8::Signature>());
       ~~~~^
../node_modules/nan/nan_new.h:83:41: error: no member named 'Handle' in namespace 'v8'
     , v8::Handle<v8::Value> data = v8::Handle<v8::Value>()
                                    ~~~~^
../node_modules/nan/nan_new.h:83:57: error: expected '(' for function-style cast or type construction
     , v8::Handle<v8::Value> data = v8::Handle<v8::Value>()
                                               ~~~~~~~~~^
../node_modules/nan/nan_new.h:83:59: error: expected expression
     , v8::Handle<v8::Value> data = v8::Handle<v8::Value>()
                                                          ^
../node_modules/nan/nan_new.h:84:50: error: no member named 'Handle' in namespace 'v8'
     , v8::Handle<v8::Signature> signature = v8::Handle<v8::Signature>());
                                             ~~~~^
../node_modules/nan/nan_new.h:84:70: error: expected '(' for function-style cast or type construction
     , v8::Handle<v8::Signature> signature = v8::Handle<v8::Signature>());
                                                        ~~~~~~~~~~~~~^
../node_modules/nan/nan_new.h:84:72: error: expected expression
     , v8::Handle<v8::Signature> signature = v8::Handle<v8::Signature>());
                                                                       ^
../node_modules/nan/nan_new.h:129:11: error: no template named 'Handle' in namespace 'v8'
      v8::Handle<v8::String> pattern, v8::RegExp::Flags flags);
      ~~~~^
fatal error: too many errors emitted, stopping now [-ferror-limit=]
20 errors generated.
make: *** [Release/obj.target/bufferutil/src/bufferutil.o] Error 1
gyp ERR! build error 
gyp ERR! stack Error: `make` failed with exit code: 2
gyp ERR! stack     at ChildProcess.onExit (/opt/homebrew/lib/node_modules/npm/node_modules/node-gyp/lib/build.js:194:23)
gyp ERR! stack     at ChildProcess.emit (node:events:527:28)
gyp ERR! stack     at Process.ChildProcess._handle.onexit (node:internal/child_process:291:12)
gyp ERR! System Darwin 21.5.0
gyp ERR! command "/opt/homebrew/Cellar/node/17.8.0/bin/node" "/opt/homebrew/lib/node_modules/npm/node_modules/node-gyp/bin/node-gyp.js" "rebuild"
gyp ERR! cwd /Users/bmbed/workspace/TDS/PMS_Back_end/server/node_modules/ws
gyp ERR! node -v v17.8.0
gyp ERR! node-gyp -v v9.0.0
gyp ERR! not ok 
